<?xml version="1.0" encoding="UTF-8"?>
<testng-results ignored="0" total="1" passed="1" failed="0" skipped="0">
  <reporter-output>
  </reporter-output>
  <suite started-at="2024-06-05T13:46:00 IST" name="RegressionSuite" finished-at="2024-06-05T13:46:18 IST" duration-ms="18570">
    <groups>
      <group name="cucumber">
        <method signature="AbstractTestNGCucumberTests.runScenario(io.cucumber.testng.PickleWrapper,io.cucumber.testng.FeatureWrapper)[pri:0, instance:TestRunnerDocker@2ab4bc72]" name="runScenario" class="io.cucumber.testng.AbstractTestNGCucumberTests"/>
      </group> <!-- cucumber -->
    </groups>
    <test started-at="2024-06-05T13:46:00 IST" name="Login" finished-at="2024-06-05T13:46:18 IST" duration-ms="18570">
      <class name="TestRunnerDocker">
        <test-method is-config="true" signature="setUpClass(org.testng.ITestContext)[pri:0, instance:TestRunnerDocker@2ab4bc72]" started-at="2024-06-05T13:46:00 IST" name="setUpClass" finished-at="2024-06-05T13:46:03 IST" duration-ms="3043" status="PASS">
          <params>
            <param index="0">
              <value>
                <![CDATA[org.testng.TestRunner@5852c06f]]>
              </value>
            </param>
          </params>
          <reporter-output>
          </reporter-output>
        </test-method> <!-- setUpClass -->
        <test-method is-config="true" signature="setup()[pri:0, instance:TestRunnerDocker@2ab4bc72]" started-at="2024-06-05T13:46:03 IST" name="setup" finished-at="2024-06-05T13:46:03 IST" duration-ms="1" status="PASS">
          <reporter-output>
          </reporter-output>
        </test-method> <!-- setup -->
        <test-method signature="runScenario(io.cucumber.testng.PickleWrapper,io.cucumber.testng.FeatureWrapper)[pri:0, instance:TestRunnerDocker@2ab4bc72]" started-at="2024-06-05T13:46:03 IST" name="runScenario" description="Runs Cucumber Scenarios" data-provider="scenarios" finished-at="2024-06-05T13:46:16 IST" duration-ms="12659" status="PASS">
          <params>
            <param index="0">
              <value>
                <![CDATA["Login to biscred with valid credentials"]]>
              </value>
            </param>
            <param index="1">
              <value>
                <![CDATA["Login"]]>
              </value>
            </param>
          </params>
          <reporter-output>
          </reporter-output>
        </test-method> <!-- runScenario -->
        <test-method is-config="true" signature="tearDownClass()[pri:0, instance:TestRunnerDocker@2ab4bc72]" started-at="2024-06-05T13:46:16 IST" name="tearDownClass" finished-at="2024-06-05T13:46:18 IST" duration-ms="2801" status="PASS">
          <reporter-output>
          </reporter-output>
        </test-method> <!-- tearDownClass -->
      </class> <!-- TestRunnerDocker -->
    </test> <!-- Login -->
  </suite> <!-- RegressionSuite -->
</testng-results>
